Started at Sat Dec 03 02:24:14 UTC 2022
Processing actualbuilddeploy
Offering actualbuilddeploy to Project Build Discarder
Processing automation
Offering automation to Project Build Discarder
Processing buildanddeploy
Offering buildanddeploy to Project Build Discarder
Processing buildingwar
Offering buildingwar to Project Build Discarder
Processing jfrogdeploy
Offering jfrogdeploy to Project Build Discarder
Processing job1
Offering job1 to Project Build Discarder
Processing job2
Offering job2 to Project Build Discarder
Processing job3
Offering job3 to Project Build Discarder
Processing pipeline1
Offering pipeline1 to Project Build Discarder
Processing pipeline2
Offering pipeline2 to Project Build Discarder
Processing slavejob
Offering slavejob to Project Build Discarder
Finished at Sat Dec 03 02:24:14 UTC 2022. 9ms
Started at Sat Dec 03 03:24:14 UTC 2022
Processing actualbuilddeploy
Offering actualbuilddeploy to Project Build Discarder
Processing automation
Offering automation to Project Build Discarder
Processing buildanddeploy
Offering buildanddeploy to Project Build Discarder
Processing buildingwar
Offering buildingwar to Project Build Discarder
Processing jfrogdeploy
Offering jfrogdeploy to Project Build Discarder
Processing job1
Offering job1 to Project Build Discarder
Processing job2
Offering job2 to Project Build Discarder
Processing job3
Offering job3 to Project Build Discarder
Processing pipeline1
Offering pipeline1 to Project Build Discarder
Processing pipeline2
Offering pipeline2 to Project Build Discarder
Processing slavejob
Offering slavejob to Project Build Discarder
Finished at Sat Dec 03 03:24:14 UTC 2022. 2ms
Started at Sat Dec 03 04:24:14 UTC 2022
Processing actualbuilddeploy
Offering actualbuilddeploy to Project Build Discarder
Processing automation
Offering automation to Project Build Discarder
Processing buildanddeploy
Offering buildanddeploy to Project Build Discarder
Processing buildingwar
Offering buildingwar to Project Build Discarder
Processing jfrogdeploy
Offering jfrogdeploy to Project Build Discarder
Processing job1
Offering job1 to Project Build Discarder
Processing job2
Offering job2 to Project Build Discarder
Processing job3
Offering job3 to Project Build Discarder
Processing pipeline1
Offering pipeline1 to Project Build Discarder
Processing pipeline2
Offering pipeline2 to Project Build Discarder
Processing slavejob
Offering slavejob to Project Build Discarder
Finished at Sat Dec 03 04:24:14 UTC 2022. 3ms
